Flow report for CPU3
Mon Aug 19 20:54:30 2024
Quartus Prime Version 18.1.0 Build 625 09/12/2018 SJ Lite Edition


---------------------
; Table of Contents ;
---------------------
  1. Legal Notice
  2. Flow Summary
  3. Flow Settings
  4. Flow Non-Default Global Settings
  5. Flow Elapsed Time
  6. Flow OS Summary
  7. Flow Log
  8. Flow Messages
  9. Flow Suppressed Messages



----------------
; Legal Notice ;
----------------
Copyright (C) 2018  Intel Corporation. All rights reserved.
Your use of Intel Corporation's design tools, logic functions 
and other software and tools, and its AMPP partner logic 
functions, and any output files from any of the foregoing 
(including device programming or simulation files), and any 
associated documentation or information are expressly subject 
to the terms and conditions of the Intel Program License 
Subscription Agreement, the Intel Quartus Prime License Agreement,
the Intel FPGA IP License Agreement, or other applicable license
agreement, including, without limitation, that your use is for
the sole purpose of programming logic devices manufactured by
Intel and sold by Intel or its authorized distributors.  Please
refer to the applicable agreement for further details.



+-------------------------------------------------------------------------------+
; Flow Summary                                                                  ;
+---------------------------------+---------------------------------------------+
; Flow Status                     ; Successful - Mon Aug 19 20:54:20 2024       ;
; Quartus Prime Version           ; 18.1.0 Build 625 09/12/2018 SJ Lite Edition ;
; Revision Name                   ; CPU3                                        ;
; Top-level Entity Name           ; CPU1_inst                                   ;
; Family                          ; Cyclone V                                   ;
; Device                          ; 5CSXFC6D6F31C6                              ;
; Timing Models                   ; Final                                       ;
; Logic utilization (in ALMs)     ; 697 / 41,910 ( 2 % )                        ;
; Total registers                 ; 939                                         ;
; Total pins                      ; 4 / 499 ( < 1 % )                           ;
; Total virtual pins              ; 0                                           ;
; Total block memory bits         ; 44,032 / 5,662,720 ( < 1 % )                ;
; Total DSP Blocks                ; 0 / 112 ( 0 % )                             ;
; Total HSSI RX PCSs              ; 0 / 9 ( 0 % )                               ;
; Total HSSI PMA RX Deserializers ; 0 / 9 ( 0 % )                               ;
; Total HSSI TX PCSs              ; 0 / 9 ( 0 % )                               ;
; Total HSSI PMA TX Serializers   ; 0 / 9 ( 0 % )                               ;
; Total PLLs                      ; 0 / 15 ( 0 % )                              ;
; Total DLLs                      ; 0 / 4 ( 0 % )                               ;
+---------------------------------+---------------------------------------------+


+-----------------------------------------+
; Flow Settings                           ;
+-------------------+---------------------+
; Option            ; Setting             ;
+-------------------+---------------------+
; Start date & time ; 08/19/2024 20:50:48 ;
; Main task         ; Compilation         ;
; Revision Name     ; CPU3                ;
+-------------------+---------------------+


+----------------------------------------------------------------------------------------------------------------------------------------------+
; Flow Non-Default Global Settings                                                                                                             ;
+-------------------------------------+---------------------------------------------------------+---------------+-------------+----------------+
; Assignment Name                     ; Value                                                   ; Default Value ; Entity Name ; Section Id     ;
+-------------------------------------+---------------------------------------------------------+---------------+-------------+----------------+
; COMPILER_SIGNATURE_ID               ; 4681964420763.172412224828376                           ; --            ; --          ; --             ;
; EDA_OUTPUT_DATA_FORMAT              ; None                                                    ; --            ; --          ; eda_simulation ;
; EDA_TIME_SCALE                      ; 1 ps                                                    ; --            ; --          ; eda_simulation ;
; MAX_CORE_JUNCTION_TEMP              ; 85                                                      ; --            ; --          ; --             ;
; MIN_CORE_JUNCTION_TEMP              ; 0                                                       ; --            ; --          ; --             ;
; MISC_FILE                           ; reloj/synthesis/../reloj.cmp                            ; --            ; --          ; --             ;
; MISC_FILE                           ; reloj/synthesis/../../reloj.qsys                        ; --            ; --          ; --             ;
; MISC_FILE                           ; NIOS/synthesis/../CPU1.cmp                              ; --            ; --          ; --             ;
; MISC_FILE                           ; NIOS/synthesis/../../CPU1.qsys                          ; --            ; --          ; --             ;
; PARTITION_COLOR                     ; -- (Not supported for targeted family)                  ; --            ; CPU1_inst   ; Top            ;
; PARTITION_FITTER_PRESERVATION_LEVEL ; -- (Not supported for targeted family)                  ; --            ; CPU1_inst   ; Top            ;
; PARTITION_NETLIST_TYPE              ; -- (Not supported for targeted family)                  ; --            ; CPU1_inst   ; Top            ;
; POWER_BOARD_THERMAL_MODEL           ; None (CONSERVATIVE)                                     ; --            ; --          ; --             ;
; POWER_PRESET_COOLING_SOLUTION       ; 23 MM HEAT SINK WITH 200 LFPM AIRFLOW                   ; --            ; --          ; --             ;
; PROJECT_OUTPUT_DIRECTORY            ; output_files                                            ; --            ; --          ; --             ;
; SLD_FILE                            ; reloj/synthesis/reloj.regmap                            ; --            ; --          ; --             ;
; SLD_FILE                            ; reloj/synthesis/reloj.debuginfo                         ; --            ; --          ; --             ;
; SLD_FILE                            ; NIOS/synthesis/CPU1.regmap                              ; --            ; --          ; --             ;
; SLD_FILE                            ; NIOS/synthesis/CPU1.debuginfo                           ; --            ; --          ; --             ;
; SLD_INFO                            ; QSYS_NAME CPU1 HAS_SOPCINFO 1 GENERATION_ID 1723132355  ; --            ; CPU1        ; --             ;
; SLD_INFO                            ; QSYS_NAME reloj HAS_SOPCINFO 1 GENERATION_ID 1724117316 ; --            ; reloj       ; --             ;
; SOPCINFO_FILE                       ; reloj/synthesis/../../reloj.sopcinfo                    ; --            ; --          ; --             ;
; SOPCINFO_FILE                       ; NIOS/synthesis/../../CPU1.sopcinfo                      ; --            ; --          ; --             ;
; SYNTHESIS_ONLY_QIP                  ; On                                                      ; --            ; --          ; --             ;
; SYNTHESIS_ONLY_QIP                  ; On                                                      ; --            ; --          ; --             ;
; TOP_LEVEL_ENTITY                    ; CPU1_inst                                               ; CPU3          ; --          ; --             ;
+-------------------------------------+---------------------------------------------------------+---------------+-------------+----------------+


+--------------------------------------------------------------------------------------------------------------------------+
; Flow Elapsed Time                                                                                                        ;
+----------------------+--------------+-------------------------+---------------------+------------------------------------+
; Module Name          ; Elapsed Time ; Average Processors Used ; Peak Virtual Memory ; Total CPU Time (on all processors) ;
+----------------------+--------------+-------------------------+---------------------+------------------------------------+
; Analysis & Synthesis ; 00:01:01     ; 1.0                     ; 5054 MB             ; 00:00:43                           ;
; Fitter               ; 00:02:18     ; 1.1                     ; 7940 MB             ; 00:02:45                           ;
; Assembler            ; 00:00:07     ; 1.0                     ; 4845 MB             ; 00:00:05                           ;
; Timing Analyzer      ; 00:00:09     ; 2.2                     ; 5333 MB             ; 00:00:08                           ;
; Total                ; 00:03:35     ; --                      ; --                  ; 00:03:41                           ;
+----------------------+--------------+-------------------------+---------------------+------------------------------------+


+------------------------------------------------------------------------------------+
; Flow OS Summary                                                                    ;
+----------------------+------------------+------------+------------+----------------+
; Module Name          ; Machine Hostname ; OS Name    ; OS Version ; Processor type ;
+----------------------+------------------+------------+------------+----------------+
; Analysis & Synthesis ; LAPTOP-6D8LDL37  ; Windows 10 ; 10.0       ; x86_64         ;
; Fitter               ; LAPTOP-6D8LDL37  ; Windows 10 ; 10.0       ; x86_64         ;
; Assembler            ; LAPTOP-6D8LDL37  ; Windows 10 ; 10.0       ; x86_64         ;
; Timing Analyzer      ; LAPTOP-6D8LDL37  ; Windows 10 ; 10.0       ; x86_64         ;
+----------------------+------------------+------------+------------+----------------+


------------
; Flow Log ;
------------
quartus_map --read_settings_files=on --write_settings_files=off CPU3 -c CPU3
quartus_fit --read_settings_files=off --write_settings_files=off CPU3 -c CPU3
quartus_asm --read_settings_files=off --write_settings_files=off CPU3 -c CPU3
quartus_sta CPU3 -c CPU3



