Timing Analyzer report for CPU3
Mon Aug 19 20:54:30 2024
Quartus Prime Version 18.1.0 Build 625 09/12/2018 SJ Lite Edition


---------------------
; Table of Contents ;
---------------------
  1. Legal Notice
  2. Timing Analyzer Summary
  3. Parallel Compilation
  4. SDC File List
  5. Clocks
  6. Slow 1100mV 85C Model Fmax Summary
  7. Timing Closure Recommendations
  8. Slow 1100mV 85C Model Setup Summary
  9. Slow 1100mV 85C Model Hold Summary
 10. Slow 1100mV 85C Model Recovery Summary
 11. Slow 1100mV 85C Model Removal Summary
 12. Slow 1100mV 85C Model Minimum Pulse Width Summary
 13. Slow 1100mV 85C Model Metastability Summary
 14. Slow 1100mV 0C Model Fmax Summary
 15. Slow 1100mV 0C Model Setup Summary
 16. Slow 1100mV 0C Model Hold Summary
 17. Slow 1100mV 0C Model Recovery Summary
 18. Slow 1100mV 0C Model Removal Summary
 19. Slow 1100mV 0C Model Minimum Pulse Width Summary
 20. Slow 1100mV 0C Model Metastability Summary
 21. Fast 1100mV 85C Model Setup Summary
 22. Fast 1100mV 85C Model Hold Summary
 23. Fast 1100mV 85C Model Recovery Summary
 24. Fast 1100mV 85C Model Removal Summary
 25. Fast 1100mV 85C Model Minimum Pulse Width Summary
 26. Fast 1100mV 85C Model Metastability Summary
 27. Fast 1100mV 0C Model Setup Summary
 28. Fast 1100mV 0C Model Hold Summary
 29. Fast 1100mV 0C Model Recovery Summary
 30. Fast 1100mV 0C Model Removal Summary
 31. Fast 1100mV 0C Model Minimum Pulse Width Summary
 32. Fast 1100mV 0C Model Metastability Summary
 33. Multicorner Timing Analysis Summary
 34. Board Trace Model Assignments
 35. Input Transition Times
 36. Signal Integrity Metrics (Slow 1100mv 0c Model)
 37. Signal Integrity Metrics (Slow 1100mv 85c Model)
 38. Signal Integrity Metrics (Fast 1100mv 0c Model)
 39. Signal Integrity Metrics (Fast 1100mv 85c Model)
 40. Setup Transfers
 41. Hold Transfers
 42. Recovery Transfers
 43. Removal Transfers
 44. Report TCCS
 45. Report RSKM
 46. Unconstrained Paths Summary
 47. Clock Status Summary
 48. Unconstrained Input Ports
 49. Unconstrained Output Ports
 50. Unconstrained Input Ports
 51. Unconstrained Output Ports
 52. Timing Analyzer Messages



----------------
; Legal Notice ;
----------------
Copyright (C) 2018  Intel Corporation. All rights reserved.
Your use of Intel Corporation's design tools, logic functions 
and other software and tools, and its AMPP partner logic 
functions, and any output files from any of the foregoing 
(including device programming or simulation files), and any 
associated documentation or information are expressly subject 
to the terms and conditions of the Intel Program License 
Subscription Agreement, the Intel Quartus Prime License Agreement,
the Intel FPGA IP License Agreement, or other applicable license
agreement, including, without limitation, that your use is for
the sole purpose of programming logic devices manufactured by
Intel and sold by Intel or its authorized distributors.  Please
refer to the applicable agreement for further details.



+-----------------------------------------------------------------------------+
; Timing Analyzer Summary                                                     ;
+-----------------------+-----------------------------------------------------+
; Quartus Prime Version ; Version 18.1.0 Build 625 09/12/2018 SJ Lite Edition ;
; Timing Analyzer       ; Legacy Timing Analyzer                              ;
; Revision Name         ; CPU3                                                ;
; Device Family         ; Cyclone V                                           ;
; Device Name           ; 5CSXFC6D6F31C6                                      ;
; Timing Models         ; Final                                               ;
; Delay Model           ; Combined                                            ;
; Rise/Fall Delays      ; Enabled                                             ;
+-----------------------+-----------------------------------------------------+


+------------------------------------------+
; Parallel Compilation                     ;
+----------------------------+-------------+
; Processors                 ; Number      ;
+----------------------------+-------------+
; Number detected on machine ; 16          ;
; Maximum allowed            ; 16          ;
;                            ;             ;
; Average used               ; 2.19        ;
; Maximum used               ; 16          ;
;                            ;             ;
; Usage by Processor         ; % Time Used ;
;     Processor 1            ; 100.0%      ;
;     Processor 2            ;   8.3%      ;
;     Processor 3            ;   8.2%      ;
;     Processor 4            ;   8.2%      ;
;     Processor 5            ;   7.9%      ;
;     Processor 6            ;   7.9%      ;
;     Processor 7            ;   7.9%      ;
;     Processor 8            ;   7.9%      ;
;     Processor 9            ;   7.9%      ;
;     Processor 10           ;   7.8%      ;
;     Processor 11           ;   7.8%      ;
;     Processor 12           ;   7.8%      ;
;     Processor 13           ;   7.8%      ;
;     Processor 14           ;   7.8%      ;
;     Processor 15           ;   7.8%      ;
;     Processor 16           ;   7.8%      ;
+----------------------------+-------------+


+--------------------------------------------------------------------------------------------------------------------------------------------------------------------+
; SDC File List                                                                                                                                                      ;
+--------------------------------------------------------------------------------------------------------------------------------+--------+--------------------------+
; SDC File Path                                                                                                                  ; Status ; Read at                  ;
+--------------------------------------------------------------------------------------------------------------------------------+--------+--------------------------+
; reloj/synthesis/submodules/altera_reset_controller.sdc                                                                         ; OK     ; Mon Aug 19 20:54:25 2024 ;
; reloj/synthesis/submodules/reloj_nios2_qsys_0.sdc                                                                              ; OK     ; Mon Aug 19 20:54:25 2024 ;
; NIOS/synthesis/submodules/altera_reset_controller.sdc                                                                          ; OK     ; Mon Aug 19 20:54:25 2024 ;
; NIOS/synthesis/submodules/CPU1_cpu_cpu.sdc                                                                                     ; OK     ; Mon Aug 19 20:54:25 2024 ;
; c:/users/irodr/onedrive/documents/github2/tarea-1---reloj-despertador-/cpu3/db/ip/reloj/submodules/altera_reset_controller.sdc ; OK     ; Mon Aug 19 20:54:25 2024 ;
; c:/users/irodr/onedrive/documents/github2/tarea-1---reloj-despertador-/cpu3/db/ip/reloj/submodules/reloj_nios2_qsys_0.sdc      ; OK     ; Mon Aug 19 20:54:25 2024 ;
+--------------------------------------------------------------------------------------------------------------------------------+--------+--------------------------+


+----------------------------------------------------------------------------------------------------------------------------------------------------------------------------------------------------------+
; Clocks                                                                                                                                                                                                   ;
+---------------------+------+--------+-----------+-------+--------+------------+-----------+-------------+-------+--------+-----------+------------+----------+--------+--------+-------------------------+
; Clock Name          ; Type ; Period ; Frequency ; Rise  ; Fall   ; Duty Cycle ; Divide by ; Multiply by ; Phase ; Offset ; Edge List ; Edge Shift ; Inverted ; Master ; Source ; Targets                 ;
+---------------------+------+--------+-----------+-------+--------+------------+-----------+-------------+-------+--------+-----------+------------+----------+--------+--------+-------------------------+
; altera_reserved_tck ; Base ; 33.333 ; 30.0 MHz  ; 0.000 ; 16.666 ;            ;           ;             ;       ;        ;           ;            ;          ;        ;        ; { altera_reserved_tck } ;
+---------------------+------+--------+-----------+-------+--------+------------+-----------+-------------+-------+--------+-----------+------------+----------+--------+--------+-------------------------+


+-----------------------------------------------------------+
; Slow 1100mV 85C Model Fmax Summary                        ;
+------------+-----------------+---------------------+------+
; Fmax       ; Restricted Fmax ; Clock Name          ; Note ;
+------------+-----------------+---------------------+------+
; 110.98 MHz ; 110.98 MHz      ; altera_reserved_tck ;      ;
+------------+-----------------+---------------------+------+
This panel reports FMAX for every clock in the design, regardless of the user-specified clock periods.  FMAX is only computed for paths where the source and destination registers or ports are driven by the same clock.  Paths of different clocks, including generated clocks, are ignored.  For paths between a clock and its inversion, FMAX is computed as if the rising and falling edges are scaled along with FMAX, such that the duty cycle (in terms of a percentage) is maintained. Altera recommends that you always use clock constraints and other slack reports for sign-off analysis.


----------------------------------
; Timing Closure Recommendations ;
----------------------------------
HTML report is unavailable in plain text report export.


+----------------------------------------------+
; Slow 1100mV 85C Model Setup Summary          ;
+---------------------+--------+---------------+
; Clock               ; Slack  ; End Point TNS ;
+---------------------+--------+---------------+
; altera_reserved_tck ; 12.161 ; 0.000         ;
+---------------------+--------+---------------+


+---------------------------------------------+
; Slow 1100mV 85C Model Hold Summary          ;
+---------------------+-------+---------------+
; Clock               ; Slack ; End Point TNS ;
+---------------------+-------+---------------+
; altera_reserved_tck ; 0.117 ; 0.000         ;
+---------------------+-------+---------------+


+----------------------------------------------+
; Slow 1100mV 85C Model Recovery Summary       ;
+---------------------+--------+---------------+
; Clock               ; Slack  ; End Point TNS ;
+---------------------+--------+---------------+
; altera_reserved_tck ; 14.752 ; 0.000         ;
+---------------------+--------+---------------+


+---------------------------------------------+
; Slow 1100mV 85C Model Removal Summary       ;
+---------------------+-------+---------------+
; Clock               ; Slack ; End Point TNS ;
+---------------------+-------+---------------+
; altera_reserved_tck ; 0.831 ; 0.000         ;
+---------------------+-------+---------------+


+---------------------------------------------------+
; Slow 1100mV 85C Model Minimum Pulse Width Summary ;
+---------------------+--------+--------------------+
; Clock               ; Slack  ; End Point TNS      ;
+---------------------+--------+--------------------+
; altera_reserved_tck ; 15.758 ; 0.000              ;
+---------------------+--------+--------------------+


-----------------------------------------------
; Slow 1100mV 85C Model Metastability Summary ;
-----------------------------------------------
Worst-Case MTBF of Design is 1e+09 years or 3.15e+16 seconds.
Typical MTBF of Design is 1e+09 years or 3.15e+16 seconds.

Number of Synchronizer Chains Found: 2
Shortest Synchronizer Chain: 2 Registers
Fraction of Chains for which MTBFs Could Not be Calculated: 0.000
Worst Case Available Settling Time: 62.270 ns

Worst-Case MTBF values are calculated based on the worst-case silicon characteristics, with worst-case operating conditions.
  - Under worst-case conditions, an increase of 100ps in available settling time will increase MTBF values by a factor of 79.4
Typical MTBF values are calculated based on the nominal silicon characteristics, at nominal operating conditions.
  - Under typical conditions, an increase of 100ps in available settling time will increase MTBF values by a factor of 17.8



+-----------------------------------------------------------+
; Slow 1100mV 0C Model Fmax Summary                         ;
+------------+-----------------+---------------------+------+
; Fmax       ; Restricted Fmax ; Clock Name          ; Note ;
+------------+-----------------+---------------------+------+
; 113.78 MHz ; 113.78 MHz      ; altera_reserved_tck ;      ;
+------------+-----------------+---------------------+------+
This panel reports FMAX for every clock in the design, regardless of the user-specified clock periods.  FMAX is only computed for paths where the source and destination registers or ports are driven by the same clock.  Paths of different clocks, including generated clocks, are ignored.  For paths between a clock and its inversion, FMAX is computed as if the rising and falling edges are scaled along with FMAX, such that the duty cycle (in terms of a percentage) is maintained. Altera recommends that you always use clock constraints and other slack reports for sign-off analysis.


+----------------------------------------------+
; Slow 1100mV 0C Model Setup Summary           ;
+---------------------+--------+---------------+
; Clock               ; Slack  ; End Point TNS ;
+---------------------+--------+---------------+
; altera_reserved_tck ; 12.272 ; 0.000         ;
+---------------------+--------+---------------+


+---------------------------------------------+
; Slow 1100mV 0C Model Hold Summary           ;
+---------------------+-------+---------------+
; Clock               ; Slack ; End Point TNS ;
+---------------------+-------+---------------+
; altera_reserved_tck ; 0.107 ; 0.000         ;
+---------------------+-------+---------------+


+----------------------------------------------+
; Slow 1100mV 0C Model Recovery Summary        ;
+---------------------+--------+---------------+
; Clock               ; Slack  ; End Point TNS ;
+---------------------+--------+---------------+
; altera_reserved_tck ; 14.819 ; 0.000         ;
+---------------------+--------+---------------+


+---------------------------------------------+
; Slow 1100mV 0C Model Removal Summary        ;
+---------------------+-------+---------------+
; Clock               ; Slack ; End Point TNS ;
+---------------------+-------+---------------+
; altera_reserved_tck ; 0.760 ; 0.000         ;
+---------------------+-------+---------------+


+--------------------------------------------------+
; Slow 1100mV 0C Model Minimum Pulse Width Summary ;
+---------------------+--------+-------------------+
; Clock               ; Slack  ; End Point TNS     ;
+---------------------+--------+-------------------+
; altera_reserved_tck ; 15.775 ; 0.000             ;
+---------------------+--------+-------------------+


----------------------------------------------
; Slow 1100mV 0C Model Metastability Summary ;
----------------------------------------------
Worst-Case MTBF of Design is 1e+09 years or 3.15e+16 seconds.
Typical MTBF of Design is 1e+09 years or 3.15e+16 seconds.

Number of Synchronizer Chains Found: 2
Shortest Synchronizer Chain: 2 Registers
Fraction of Chains for which MTBFs Could Not be Calculated: 0.000
Worst Case Available Settling Time: 62.346 ns

Worst-Case MTBF values are calculated based on the worst-case silicon characteristics, with worst-case operating conditions.
  - Under worst-case conditions, an increase of 100ps in available settling time will increase MTBF values by a factor of 5.2
Typical MTBF values are calculated based on the nominal silicon characteristics, at nominal operating conditions.
  - Under typical conditions, an increase of 100ps in available settling time will increase MTBF values by a factor of 17.8



+----------------------------------------------+
; Fast 1100mV 85C Model Setup Summary          ;
+---------------------+--------+---------------+
; Clock               ; Slack  ; End Point TNS ;
+---------------------+--------+---------------+
; altera_reserved_tck ; 14.130 ; 0.000         ;
+---------------------+--------+---------------+


+---------------------------------------------+
; Fast 1100mV 85C Model Hold Summary          ;
+---------------------+-------+---------------+
; Clock               ; Slack ; End Point TNS ;
+---------------------+-------+---------------+
; altera_reserved_tck ; 0.020 ; 0.000         ;
+---------------------+-------+---------------+


+----------------------------------------------+
; Fast 1100mV 85C Model Recovery Summary       ;
+---------------------+--------+---------------+
; Clock               ; Slack  ; End Point TNS ;
+---------------------+--------+---------------+
; altera_reserved_tck ; 15.707 ; 0.000         ;
+---------------------+--------+---------------+


+---------------------------------------------+
; Fast 1100mV 85C Model Removal Summary       ;
+---------------------+-------+---------------+
; Clock               ; Slack ; End Point TNS ;
+---------------------+-------+---------------+
; altera_reserved_tck ; 0.369 ; 0.000         ;
+---------------------+-------+---------------+


+---------------------------------------------------+
; Fast 1100mV 85C Model Minimum Pulse Width Summary ;
+---------------------+--------+--------------------+
; Clock               ; Slack  ; End Point TNS      ;
+---------------------+--------+--------------------+
; altera_reserved_tck ; 15.747 ; 0.000              ;
+---------------------+--------+--------------------+


-----------------------------------------------
; Fast 1100mV 85C Model Metastability Summary ;
-----------------------------------------------
Worst-Case MTBF of Design is 1e+09 years or 3.15e+16 seconds.
Typical MTBF of Design is 1e+09 years or 3.15e+16 seconds.

Number of Synchronizer Chains Found: 2
Shortest Synchronizer Chain: 2 Registers
Fraction of Chains for which MTBFs Could Not be Calculated: 0.000
Worst Case Available Settling Time: 63.594 ns

Worst-Case MTBF values are calculated based on the worst-case silicon characteristics, with worst-case operating conditions.
  - Under worst-case conditions, an increase of 100ps in available settling time will increase MTBF values by a factor of 79.4
Typical MTBF values are calculated based on the nominal silicon characteristics, at nominal operating conditions.
  - Under typical conditions, an increase of 100ps in available settling time will increase MTBF values by a factor of 17.8



+----------------------------------------------+
; Fast 1100mV 0C Model Setup Summary           ;
+---------------------+--------+---------------+
; Clock               ; Slack  ; End Point TNS ;
+---------------------+--------+---------------+
; altera_reserved_tck ; 14.417 ; 0.000         ;
+---------------------+--------+---------------+


+---------------------------------------------+
; Fast 1100mV 0C Model Hold Summary           ;
+---------------------+-------+---------------+
; Clock               ; Slack ; End Point TNS ;
+---------------------+-------+---------------+
; altera_reserved_tck ; 0.007 ; 0.000         ;
+---------------------+-------+---------------+


+----------------------------------------------+
; Fast 1100mV 0C Model Recovery Summary        ;
+---------------------+--------+---------------+
; Clock               ; Slack  ; End Point TNS ;
+---------------------+--------+---------------+
; altera_reserved_tck ; 15.841 ; 0.000         ;
+---------------------+--------+---------------+


+---------------------------------------------+
; Fast 1100mV 0C Model Removal Summary        ;
+---------------------+-------+---------------+
; Clock               ; Slack ; End Point TNS ;
+---------------------+-------+---------------+
; altera_reserved_tck ; 0.322 ; 0.000         ;
+---------------------+-------+---------------+


+--------------------------------------------------+
; Fast 1100mV 0C Model Minimum Pulse Width Summary ;
+---------------------+--------+-------------------+
; Clock               ; Slack  ; End Point TNS     ;
+---------------------+--------+-------------------+
; altera_reserved_tck ; 15.772 ; 0.000             ;
+---------------------+--------+-------------------+


----------------------------------------------
; Fast 1100mV 0C Model Metastability Summary ;
----------------------------------------------
Worst-Case MTBF of Design is 1e+09 years or 3.15e+16 seconds.
Typical MTBF of Design is 1e+09 years or 3.15e+16 seconds.

Number of Synchronizer Chains Found: 2
Shortest Synchronizer Chain: 2 Registers
Fraction of Chains for which MTBFs Could Not be Calculated: 0.000
Worst Case Available Settling Time: 63.810 ns

Worst-Case MTBF values are calculated based on the worst-case silicon characteristics, with worst-case operating conditions.
  - Under worst-case conditions, an increase of 100ps in available settling time will increase MTBF values by a factor of 5.2
Typical MTBF values are calculated based on the nominal silicon characteristics, at nominal operating conditions.
  - Under typical conditions, an increase of 100ps in available settling time will increase MTBF values by a factor of 17.8



+----------------------------------------------------------------------------------+
; Multicorner Timing Analysis Summary                                              ;
+----------------------+--------+-------+----------+---------+---------------------+
; Clock                ; Setup  ; Hold  ; Recovery ; Removal ; Minimum Pulse Width ;
+----------------------+--------+-------+----------+---------+---------------------+
; Worst-case Slack     ; 12.161 ; 0.007 ; 14.752   ; 0.322   ; 15.747              ;
;  altera_reserved_tck ; 12.161 ; 0.007 ; 14.752   ; 0.322   ; 15.747              ;
; Design-wide TNS      ; 0.0    ; 0.0   ; 0.0      ; 0.0     ; 0.0                 ;
;  altera_reserved_tck ; 0.000  ; 0.000 ; 0.000    ; 0.000   ; 0.000               ;
+----------------------+--------+-------+----------+---------+---------------------+


+------------------------------------------------------------------------------------------------------------------------------------------------------------------------------------------------------------------------------------------------------------------------------------------------------------------------------------------------------------------------------------------------------------------------+
; Board Trace Model Assignments                                                                                                                                                                                                                                                                                                                                                                                          ;
+---------------------+--------------+-------------------+-------------------------+-------------------------+---------------+---------------------+----------------+------------------+--------+------------------+------------------------+------------------------+--------------+---------------+-----------------+-------+---------------------+--------------------+---------------+-----------------+-------------+
; Pin                 ; I/O Standard ; Near Tline Length ; Near Tline L per Length ; Near Tline C per Length ; Near Series R ; Near Differential R ; Near Pull-up R ; Near Pull-down R ; Near C ; Far Tline Length ; Far Tline L per Length ; Far Tline C per Length ; Far Series R ; Far Pull-up R ; Far Pull-down R ; Far C ; Termination Voltage ; Far Differential R ; EBD File Name ; EBD Signal Name ; EBD Far-end ;
+---------------------+--------------+-------------------+-------------------------+-------------------------+---------------+---------------------+----------------+------------------+--------+------------------+------------------------+------------------------+--------------+---------------+-----------------+-------+---------------------+--------------------+---------------+-----------------+-------------+
; leds[0]             ; 2.5 V        ; 0 in              ; 0 H/in                  ; 0 F/in                  ; short         ; -                   ; open           ; open             ; open   ; 0 in             ; 0 H/in                 ; 0 F/in                 ; short        ; open          ; open            ; open  ; 0 V                 ; -                  ; n/a           ; n/a             ; n/a         ;
; leds[1]             ; 2.5 V        ; 0 in              ; 0 H/in                  ; 0 F/in                  ; short         ; -                   ; open           ; open             ; open   ; 0 in             ; 0 H/in                 ; 0 F/in                 ; short        ; open          ; open            ; open  ; 0 V                 ; -                  ; n/a           ; n/a             ; n/a         ;
; altera_reserved_tdo ; 2.5 V        ; 0 in              ; 0 H/in                  ; 0 F/in                  ; short         ; -                   ; open           ; open             ; open   ; 0 in             ; 0 H/in                 ; 0 F/in                 ; short        ; open          ; open            ; open  ; 0 V                 ; -                  ; n/a           ; n/a             ; n/a         ;
+---------------------+--------------+-------------------+-------------------------+-------------------------+---------------+---------------------+----------------+------------------+--------+------------------+------------------------+------------------------+--------------+---------------+-----------------+-------+---------------------+--------------------+---------------+-----------------+-------------+


+------------------------------------------------------------------------+
; Input Transition Times                                                 ;
+---------------------+--------------+-----------------+-----------------+
; Pin                 ; I/O Standard ; 10-90 Rise Time ; 90-10 Fall Time ;
+---------------------+--------------+-----------------+-----------------+
; clk                 ; 2.5 V        ; 2000 ps         ; 2000 ps         ;
; reset               ; 2.5 V        ; 2000 ps         ; 2000 ps         ;
; altera_reserved_tms ; 2.5 V        ; 2000 ps         ; 2000 ps         ;
; altera_reserved_tck ; 2.5 V        ; 2000 ps         ; 2000 ps         ;
; altera_reserved_tdi ; 2.5 V        ; 2000 ps         ; 2000 ps         ;
+---------------------+--------------+-----------------+-----------------+


+--------------------------------------------------------------------------------------------------------------------------------------------------------------------------------------------------------------------------------------------------------------------------------------------------------------------------------------------------------------------------------------------------------------------------------------------------------------------------------------------------------------------------------------------------------------------------------------------------------------------------------------------------------------------------------------------------+
; Signal Integrity Metrics (Slow 1100mv 0c Model)                                                                                                                                                                                                                                                                                                                                                                                                                                                                                                                                                                                                                                                  ;
+---------------------+--------------+---------------------+---------------------+------------------------------+------------------------------+---------------------+---------------------+--------------------------------------+--------------------------------------+-----------------------------+-----------------------------+----------------------------+----------------------------+-----------------------------+-----------------------------+--------------------+--------------------+-------------------------------------+-------------------------------------+----------------------------+----------------------------+---------------------------+---------------------------+
; Pin                 ; I/O Standard ; Board Delay on Rise ; Board Delay on Fall ; Steady State Voh at FPGA Pin ; Steady State Vol at FPGA Pin ; Voh Max at FPGA Pin ; Vol Min at FPGA Pin ; Ringback Voltage on Rise at FPGA Pin ; Ringback Voltage on Fall at FPGA Pin ; 10-90 Rise Time at FPGA Pin ; 90-10 Fall Time at FPGA Pin ; Monotonic Rise at FPGA Pin ; Monotonic Fall at FPGA Pin ; Steady State Voh at Far-end ; Steady State Vol at Far-end ; Voh Max at Far-end ; Vol Min at Far-end ; Ringback Voltage on Rise at Far-end ; Ringback Voltage on Fall at Far-end ; 10-90 Rise Time at Far-end ; 90-10 Fall Time at Far-end ; Monotonic Rise at Far-end ; Monotonic Fall at Far-end ;
+---------------------+--------------+---------------------+---------------------+------------------------------+------------------------------+---------------------+---------------------+--------------------------------------+--------------------------------------+-----------------------------+-----------------------------+----------------------------+----------------------------+-----------------------------+-----------------------------+--------------------+--------------------+-------------------------------------+-------------------------------------+----------------------------+----------------------------+---------------------------+---------------------------+
; leds[0]             ; 2.5 V        ; 0 s                 ; 0 s                 ; 2.32 V                       ; 3.6e-07 V                    ; 2.41 V              ; -0.0463 V           ; 0.201 V                              ; 0.131 V                              ; 4.61e-10 s                  ; 4.53e-10 s                  ; No                         ; Yes                        ; 2.32 V                      ; 3.6e-07 V                   ; 2.41 V             ; -0.0463 V          ; 0.201 V                             ; 0.131 V                             ; 4.61e-10 s                 ; 4.53e-10 s                 ; No                        ; Yes                       ;
; leds[1]             ; 2.5 V        ; 0 s                 ; 0 s                 ; 2.32 V                       ; 3.52e-07 V                   ; 2.42 V              ; -0.0568 V           ; 0.173 V                              ; 0.113 V                              ; 4.5e-10 s                   ; 4.35e-10 s                  ; No                         ; No                         ; 2.32 V                      ; 3.52e-07 V                  ; 2.42 V             ; -0.0568 V          ; 0.173 V                             ; 0.113 V                             ; 4.5e-10 s                  ; 4.35e-10 s                 ; No                        ; No                        ;
; altera_reserved_tdo ; 2.5 V        ; 0 s                 ; 0 s                 ; 2.32 V                       ; 3.2e-07 V                    ; 2.41 V              ; -0.0623 V           ; 0.154 V                              ; 0.113 V                              ; 4.52e-10 s                  ; 4.28e-10 s                  ; No                         ; No                         ; 2.32 V                      ; 3.2e-07 V                   ; 2.41 V             ; -0.0623 V          ; 0.154 V                             ; 0.113 V                             ; 4.52e-10 s                 ; 4.28e-10 s                 ; No                        ; No                        ;
+---------------------+--------------+---------------------+---------------------+------------------------------+------------------------------+---------------------+---------------------+--------------------------------------+--------------------------------------+-----------------------------+-----------------------------+----------------------------+----------------------------+-----------------------------+-----------------------------+--------------------+--------------------+-------------------------------------+-------------------------------------+----------------------------+----------------------------+---------------------------+---------------------------+


+--------------------------------------------------------------------------------------------------------------------------------------------------------------------------------------------------------------------------------------------------------------------------------------------------------------------------------------------------------------------------------------------------------------------------------------------------------------------------------------------------------------------------------------------------------------------------------------------------------------------------------------------------------------------------------------------------+
; Signal Integrity Metrics (Slow 1100mv 85c Model)                                                                                                                                                                                                                                                                                                                                                                                                                                                                                                                                                                                                                                                 ;
+---------------------+--------------+---------------------+---------------------+------------------------------+------------------------------+---------------------+---------------------+--------------------------------------+--------------------------------------+-----------------------------+-----------------------------+----------------------------+----------------------------+-----------------------------+-----------------------------+--------------------+--------------------+-------------------------------------+-------------------------------------+----------------------------+----------------------------+---------------------------+---------------------------+
; Pin                 ; I/O Standard ; Board Delay on Rise ; Board Delay on Fall ; Steady State Voh at FPGA Pin ; Steady State Vol at FPGA Pin ; Voh Max at FPGA Pin ; Vol Min at FPGA Pin ; Ringback Voltage on Rise at FPGA Pin ; Ringback Voltage on Fall at FPGA Pin ; 10-90 Rise Time at FPGA Pin ; 90-10 Fall Time at FPGA Pin ; Monotonic Rise at FPGA Pin ; Monotonic Fall at FPGA Pin ; Steady State Voh at Far-end ; Steady State Vol at Far-end ; Voh Max at Far-end ; Vol Min at Far-end ; Ringback Voltage on Rise at Far-end ; Ringback Voltage on Fall at Far-end ; 10-90 Rise Time at Far-end ; 90-10 Fall Time at Far-end ; Monotonic Rise at Far-end ; Monotonic Fall at Far-end ;
+---------------------+--------------+---------------------+---------------------+------------------------------+------------------------------+---------------------+---------------------+--------------------------------------+--------------------------------------+-----------------------------+-----------------------------+----------------------------+----------------------------+-----------------------------+-----------------------------+--------------------+--------------------+-------------------------------------+-------------------------------------+----------------------------+----------------------------+---------------------------+---------------------------+
; leds[0]             ; 2.5 V        ; 0 s                 ; 0 s                 ; 2.32 V                       ; 3.96e-05 V                   ; 2.38 V              ; -0.0306 V           ; 0.23 V                               ; 0.206 V                              ; 4.83e-10 s                  ; 5.01e-10 s                  ; No                         ; Yes                        ; 2.32 V                      ; 3.96e-05 V                  ; 2.38 V             ; -0.0306 V          ; 0.23 V                              ; 0.206 V                             ; 4.83e-10 s                 ; 5.01e-10 s                 ; No                        ; Yes                       ;
; leds[1]             ; 2.5 V        ; 0 s                 ; 0 s                 ; 2.32 V                       ; 3.88e-05 V                   ; 2.39 V              ; -0.0374 V           ; 0.189 V                              ; 0.158 V                              ; 4.66e-10 s                  ; 4.67e-10 s                  ; No                         ; Yes                        ; 2.32 V                      ; 3.88e-05 V                  ; 2.39 V             ; -0.0374 V          ; 0.189 V                             ; 0.158 V                             ; 4.66e-10 s                 ; 4.67e-10 s                 ; No                        ; Yes                       ;
; altera_reserved_tdo ; 2.5 V        ; 0 s                 ; 0 s                 ; 2.32 V                       ; 3.5e-05 V                    ; 2.37 V              ; -0.0421 V           ; 0.168 V                              ; 0.143 V                              ; 4.71e-10 s                  ; 4.57e-10 s                  ; No                         ; Yes                        ; 2.32 V                      ; 3.5e-05 V                   ; 2.37 V             ; -0.0421 V          ; 0.168 V                             ; 0.143 V                             ; 4.71e-10 s                 ; 4.57e-10 s                 ; No                        ; Yes                       ;
+---------------------+--------------+---------------------+---------------------+------------------------------+------------------------------+---------------------+---------------------+--------------------------------------+--------------------------------------+-----------------------------+-----------------------------+----------------------------+----------------------------+-----------------------------+-----------------------------+--------------------+--------------------+-------------------------------------+-------------------------------------+----------------------------+----------------------------+---------------------------+---------------------------+


+--------------------------------------------------------------------------------------------------------------------------------------------------------------------------------------------------------------------------------------------------------------------------------------------------------------------------------------------------------------------------------------------------------------------------------------------------------------------------------------------------------------------------------------------------------------------------------------------------------------------------------------------------------------------------------------------------+
; Signal Integrity Metrics (Fast 1100mv 0c Model)                                                                                                                                                                                                                                                                                                                                                                                                                                                                                                                                                                                                                                                  ;
+---------------------+--------------+---------------------+---------------------+------------------------------+------------------------------+---------------------+---------------------+--------------------------------------+--------------------------------------+-----------------------------+-----------------------------+----------------------------+----------------------------+-----------------------------+-----------------------------+--------------------+--------------------+-------------------------------------+-------------------------------------+----------------------------+----------------------------+---------------------------+---------------------------+
; Pin                 ; I/O Standard ; Board Delay on Rise ; Board Delay on Fall ; Steady State Voh at FPGA Pin ; Steady State Vol at FPGA Pin ; Voh Max at FPGA Pin ; Vol Min at FPGA Pin ; Ringback Voltage on Rise at FPGA Pin ; Ringback Voltage on Fall at FPGA Pin ; 10-90 Rise Time at FPGA Pin ; 90-10 Fall Time at FPGA Pin ; Monotonic Rise at FPGA Pin ; Monotonic Fall at FPGA Pin ; Steady State Voh at Far-end ; Steady State Vol at Far-end ; Voh Max at Far-end ; Vol Min at Far-end ; Ringback Voltage on Rise at Far-end ; Ringback Voltage on Fall at Far-end ; 10-90 Rise Time at Far-end ; 90-10 Fall Time at Far-end ; Monotonic Rise at Far-end ; Monotonic Fall at Far-end ;
+---------------------+--------------+---------------------+---------------------+------------------------------+------------------------------+---------------------+---------------------+--------------------------------------+--------------------------------------+-----------------------------+-----------------------------+----------------------------+----------------------------+-----------------------------+-----------------------------+--------------------+--------------------+-------------------------------------+-------------------------------------+----------------------------+----------------------------+---------------------------+---------------------------+
; leds[0]             ; 2.5 V        ; 0 s                 ; 0 s                 ; 2.75 V                       ; 4.25e-06 V                   ; 2.9 V               ; -0.107 V            ; 0.378 V                              ; 0.16 V                               ; 2.87e-10 s                  ; 4.28e-10 s                  ; No                         ; No                         ; 2.75 V                      ; 4.25e-06 V                  ; 2.9 V              ; -0.107 V           ; 0.378 V                             ; 0.16 V                              ; 2.87e-10 s                 ; 4.28e-10 s                 ; No                        ; No                        ;
; leds[1]             ; 2.5 V        ; 0 s                 ; 0 s                 ; 2.75 V                       ; 4.14e-06 V                   ; 2.91 V              ; -0.119 V            ; 0.326 V                              ; 0.298 V                              ; 2.74e-10 s                  ; 2.8e-10 s                   ; No                         ; No                         ; 2.75 V                      ; 4.14e-06 V                  ; 2.91 V             ; -0.119 V           ; 0.326 V                             ; 0.298 V                             ; 2.74e-10 s                 ; 2.8e-10 s                  ; No                        ; No                        ;
; altera_reserved_tdo ; 2.5 V        ; 0 s                 ; 0 s                 ; 2.75 V                       ; 3.79e-06 V                   ; 2.9 V               ; -0.122 V            ; 0.313 V                              ; 0.277 V                              ; 2.78e-10 s                  ; 2.7e-10 s                   ; No                         ; No                         ; 2.75 V                      ; 3.79e-06 V                  ; 2.9 V              ; -0.122 V           ; 0.313 V                             ; 0.277 V                             ; 2.78e-10 s                 ; 2.7e-10 s                  ; No                        ; No                        ;
+---------------------+--------------+---------------------+---------------------+------------------------------+------------------------------+---------------------+---------------------+--------------------------------------+--------------------------------------+-----------------------------+-----------------------------+----------------------------+----------------------------+-----------------------------+-----------------------------+--------------------+--------------------+-------------------------------------+-------------------------------------+----------------------------+----------------------------+---------------------------+---------------------------+


+--------------------------------------------------------------------------------------------------------------------------------------------------------------------------------------------------------------------------------------------------------------------------------------------------------------------------------------------------------------------------------------------------------------------------------------------------------------------------------------------------------------------------------------------------------------------------------------------------------------------------------------------------------------------------------------------------+
; Signal Integrity Metrics (Fast 1100mv 85c Model)                                                                                                                                                                                                                                                                                                                                                                                                                                                                                                                                                                                                                                                 ;
+---------------------+--------------+---------------------+---------------------+------------------------------+------------------------------+---------------------+---------------------+--------------------------------------+--------------------------------------+-----------------------------+-----------------------------+----------------------------+----------------------------+-----------------------------+-----------------------------+--------------------+--------------------+-------------------------------------+-------------------------------------+----------------------------+----------------------------+---------------------------+---------------------------+
; Pin                 ; I/O Standard ; Board Delay on Rise ; Board Delay on Fall ; Steady State Voh at FPGA Pin ; Steady State Vol at FPGA Pin ; Voh Max at FPGA Pin ; Vol Min at FPGA Pin ; Ringback Voltage on Rise at FPGA Pin ; Ringback Voltage on Fall at FPGA Pin ; 10-90 Rise Time at FPGA Pin ; 90-10 Fall Time at FPGA Pin ; Monotonic Rise at FPGA Pin ; Monotonic Fall at FPGA Pin ; Steady State Voh at Far-end ; Steady State Vol at Far-end ; Voh Max at Far-end ; Vol Min at Far-end ; Ringback Voltage on Rise at Far-end ; Ringback Voltage on Fall at Far-end ; 10-90 Rise Time at Far-end ; 90-10 Fall Time at Far-end ; Monotonic Rise at Far-end ; Monotonic Fall at Far-end ;
+---------------------+--------------+---------------------+---------------------+------------------------------+------------------------------+---------------------+---------------------+--------------------------------------+--------------------------------------+-----------------------------+-----------------------------+----------------------------+----------------------------+-----------------------------+-----------------------------+--------------------+--------------------+-------------------------------------+-------------------------------------+----------------------------+----------------------------+---------------------------+---------------------------+
; leds[0]             ; 2.5 V        ; 0 s                 ; 0 s                 ; 2.75 V                       ; 0.000247 V                   ; 2.85 V              ; -0.0711 V           ; 0.204 V                              ; 0.181 V                              ; 4.55e-10 s                  ; 4.49e-10 s                  ; No                         ; No                         ; 2.75 V                      ; 0.000247 V                  ; 2.85 V             ; -0.0711 V          ; 0.204 V                             ; 0.181 V                             ; 4.55e-10 s                 ; 4.49e-10 s                 ; No                        ; No                        ;
; leds[1]             ; 2.5 V        ; 0 s                 ; 0 s                 ; 2.75 V                       ; 0.000242 V                   ; 2.86 V              ; -0.0805 V           ; 0.358 V                              ; 0.156 V                              ; 3.01e-10 s                  ; 4.34e-10 s                  ; No                         ; No                         ; 2.75 V                      ; 0.000242 V                  ; 2.86 V             ; -0.0805 V          ; 0.358 V                             ; 0.156 V                             ; 3.01e-10 s                 ; 4.34e-10 s                 ; No                        ; No                        ;
; altera_reserved_tdo ; 2.5 V        ; 0 s                 ; 0 s                 ; 2.75 V                       ; 0.000219 V                   ; 2.85 V              ; -0.0938 V           ; 0.339 V                              ; 0.156 V                              ; 3.08e-10 s                  ; 4.29e-10 s                  ; No                         ; No                         ; 2.75 V                      ; 0.000219 V                  ; 2.85 V             ; -0.0938 V          ; 0.339 V                             ; 0.156 V                             ; 3.08e-10 s                 ; 4.29e-10 s                 ; No                        ; No                        ;
+---------------------+--------------+---------------------+---------------------+------------------------------+------------------------------+---------------------+---------------------+--------------------------------------+--------------------------------------+-----------------------------+-----------------------------+----------------------------+----------------------------+-----------------------------+-----------------------------+--------------------+--------------------+-------------------------------------+-------------------------------------+----------------------------+----------------------------+---------------------------+---------------------------+


+---------------------------------------------------------------------------------------+
; Setup Transfers                                                                       ;
+---------------------+---------------------+----------+----------+----------+----------+
; From Clock          ; To Clock            ; RR Paths ; FR Paths ; RF Paths ; FF Paths ;
+---------------------+---------------------+----------+----------+----------+----------+
; altera_reserved_tck ; altera_reserved_tck ; 1508     ; 0        ; 39       ; 2        ;
+---------------------+---------------------+----------+----------+----------+----------+
Entries labeled "false path" only account for clock-to-clock false paths and not path-based false paths. As a result, actual path counts may be lower than reported.


+---------------------------------------------------------------------------------------+
; Hold Transfers                                                                        ;
+---------------------+---------------------+----------+----------+----------+----------+
; From Clock          ; To Clock            ; RR Paths ; FR Paths ; RF Paths ; FF Paths ;
+---------------------+---------------------+----------+----------+----------+----------+
; altera_reserved_tck ; altera_reserved_tck ; 1508     ; 0        ; 39       ; 2        ;
+---------------------+---------------------+----------+----------+----------+----------+
Entries labeled "false path" only account for clock-to-clock false paths and not path-based false paths. As a result, actual path counts may be lower than reported.


+---------------------------------------------------------------------------------------+
; Recovery Transfers                                                                    ;
+---------------------+---------------------+----------+----------+----------+----------+
; From Clock          ; To Clock            ; RR Paths ; FR Paths ; RF Paths ; FF Paths ;
+---------------------+---------------------+----------+----------+----------+----------+
; altera_reserved_tck ; altera_reserved_tck ; 72       ; 0        ; 2        ; 0        ;
+---------------------+---------------------+----------+----------+----------+----------+
Entries labeled "false path" only account for clock-to-clock false paths and not path-based false paths. As a result, actual path counts may be lower than reported.


+---------------------------------------------------------------------------------------+
; Removal Transfers                                                                     ;
+---------------------+---------------------+----------+----------+----------+----------+
; From Clock          ; To Clock            ; RR Paths ; FR Paths ; RF Paths ; FF Paths ;
+---------------------+---------------------+----------+----------+----------+----------+
; altera_reserved_tck ; altera_reserved_tck ; 72       ; 0        ; 2        ; 0        ;
+---------------------+---------------------+----------+----------+----------+----------+
Entries labeled "false path" only account for clock-to-clock false paths and not path-based false paths. As a result, actual path counts may be lower than reported.


---------------
; Report TCCS ;
---------------
No dedicated SERDES Transmitter circuitry present in device or used in design


---------------
; Report RSKM ;
---------------
No non-DPA dedicated SERDES Receiver circuitry present in device or used in design


+------------------------------------------------+
; Unconstrained Paths Summary                    ;
+---------------------------------+-------+------+
; Property                        ; Setup ; Hold ;
+---------------------------------+-------+------+
; Illegal Clocks                  ; 0     ; 0    ;
; Unconstrained Clocks            ; 1     ; 1    ;
; Unconstrained Input Ports       ; 2     ; 2    ;
; Unconstrained Input Port Paths  ; 58    ; 58   ;
; Unconstrained Output Ports      ; 3     ; 3    ;
; Unconstrained Output Port Paths ; 7     ; 7    ;
+---------------------------------+-------+------+


+------------------------------------------------------------------+
; Clock Status Summary                                             ;
+---------------------+---------------------+------+---------------+
; Target              ; Clock               ; Type ; Status        ;
+---------------------+---------------------+------+---------------+
; altera_reserved_tck ; altera_reserved_tck ; Base ; Constrained   ;
; clk                 ;                     ; Base ; Unconstrained ;
+---------------------+---------------------+------+---------------+


+------------------------------------------------------------------------------------------------------------+
; Unconstrained Input Ports                                                                                  ;
+---------------------+--------------------------------------------------------------------------------------+
; Input Port          ; Comment                                                                              ;
+---------------------+--------------------------------------------------------------------------------------+
; altera_reserved_tdi ; No input delay, min/max delays, false-path exceptions, or max skew assignments found ;
; altera_reserved_tms ; No input delay, min/max delays, false-path exceptions, or max skew assignments found ;
+---------------------+--------------------------------------------------------------------------------------+


+-------------------------------------------------------------------------------------------------------------+
; Unconstrained Output Ports                                                                                  ;
+---------------------+---------------------------------------------------------------------------------------+
; Output Port         ; Comment                                                                               ;
+---------------------+---------------------------------------------------------------------------------------+
; altera_reserved_tdo ; No output delay, min/max delays, false-path exceptions, or max skew assignments found ;
; leds[0]             ; No output delay, min/max delays, false-path exceptions, or max skew assignments found ;
; leds[1]             ; No output delay, min/max delays, false-path exceptions, or max skew assignments found ;
+---------------------+---------------------------------------------------------------------------------------+


+------------------------------------------------------------------------------------------------------------+
; Unconstrained Input Ports                                                                                  ;
+---------------------+--------------------------------------------------------------------------------------+
; Input Port          ; Comment                                                                              ;
+---------------------+--------------------------------------------------------------------------------------+
; altera_reserved_tdi ; No input delay, min/max delays, false-path exceptions, or max skew assignments found ;
; altera_reserved_tms ; No input delay, min/max delays, false-path exceptions, or max skew assignments found ;
+---------------------+--------------------------------------------------------------------------------------+


+-------------------------------------------------------------------------------------------------------------+
; Unconstrained Output Ports                                                                                  ;
+---------------------+---------------------------------------------------------------------------------------+
; Output Port         ; Comment                                                                               ;
+---------------------+---------------------------------------------------------------------------------------+
; altera_reserved_tdo ; No output delay, min/max delays, false-path exceptions, or max skew assignments found ;
; leds[0]             ; No output delay, min/max delays, false-path exceptions, or max skew assignments found ;
; leds[1]             ; No output delay, min/max delays, false-path exceptions, or max skew assignments found ;
+---------------------+---------------------------------------------------------------------------------------+


+--------------------------+
; Timing Analyzer Messages ;
+--------------------------+
Info: *******************************************************************
Info: Running Quartus Prime Timing Analyzer
    Info: Version 18.1.0 Build 625 09/12/2018 SJ Lite Edition
    Info: Processing started: Mon Aug 19 20:54:21 2024
Info: Command: quartus_sta CPU3 -c CPU3
Info: qsta_default_script.tcl version: #1
Warning (20013): Ignored 34 assignments for entity "altera_merlin_traffic_limiter" -- entity does not exist in design
Warning (20013): Ignored 19 assignments for entity "reloj" -- entity does not exist in design
Warning (20013): Ignored 13 assignments for entity "reloj_irq_mapper" -- entity does not exist in design
Warning (20013): Ignored 24 assignments for entity "reloj_jtag_uart_0" -- entity does not exist in design
Warning (20013): Ignored 12 assignments for entity "reloj_mm_interconnect_0" -- entity does not exist in design
Warning (20013): Ignored 32 assignments for entity "reloj_mm_interconnect_0_avalon_st_adapter" -- entity does not exist in design
Warning (20013): Ignored 19 assignments for entity "reloj_mm_interconnect_0_avalon_st_adapter_error_adapter_0" -- entity does not exist in design
Warning (20013): Ignored 17 assignments for entity "reloj_mm_interconnect_0_cmd_demux" -- entity does not exist in design
Warning (20013): Ignored 17 assignments for entity "reloj_mm_interconnect_0_cmd_demux_001" -- entity does not exist in design
Warning (20013): Ignored 19 assignments for entity "reloj_mm_interconnect_0_cmd_mux" -- entity does not exist in design
Warning (20013): Ignored 19 assignments for entity "reloj_mm_interconnect_0_cmd_mux_001" -- entity does not exist in design
Warning (20013): Ignored 36 assignments for entity "reloj_mm_interconnect_0_router" -- entity does not exist in design
Warning (20013): Ignored 36 assignments for entity "reloj_mm_interconnect_0_router_001" -- entity does not exist in design
Warning (20013): Ignored 36 assignments for entity "reloj_mm_interconnect_0_router_002" -- entity does not exist in design
Warning (20013): Ignored 36 assignments for entity "reloj_mm_interconnect_0_router_003" -- entity does not exist in design
Warning (20013): Ignored 17 assignments for entity "reloj_mm_interconnect_0_rsp_demux" -- entity does not exist in design
Warning (20013): Ignored 17 assignments for entity "reloj_mm_interconnect_0_rsp_demux_001" -- entity does not exist in design
Warning (20013): Ignored 19 assignments for entity "reloj_mm_interconnect_0_rsp_mux" -- entity does not exist in design
Warning (20013): Ignored 19 assignments for entity "reloj_mm_interconnect_0_rsp_mux_001" -- entity does not exist in design
Warning (20013): Ignored 117 assignments for entity "reloj_nios2_qsys_0" -- entity does not exist in design
Warning (20013): Ignored 36 assignments for entity "reloj_onchip_memory2_0" -- entity does not exist in design
Warning (20013): Ignored 22 assignments for entity "reloj_pio_0" -- entity does not exist in design
Warning (20013): Ignored 26 assignments for entity "reloj_timer_0" -- entity does not exist in design
Warning (18236): Number of processors has not been specified which may cause overloading on shared machines.  Set the global assignment NUM_PARALLEL_PROCESSORS in your QSF to an appropriate value for best performance.
Info (20030): Parallel compilation is enabled and will use 16 of the 16 processors detected
Info (21077): Low junction temperature is 0 degrees C
Info (21077): High junction temperature is 85 degrees C
Info (332164): Evaluating HDL-embedded SDC commands
    Info (332165): Entity alt_jtag_atlantic
        Info (332166): set_false_path -from [get_registers {*|alt_jtag_atlantic:*|jupdate}] -to [get_registers {*|alt_jtag_atlantic:*|jupdate1*}] 
        Info (332166): set_false_path -from [get_registers {*|alt_jtag_atlantic:*|rdata[*]}] -to [get_registers {*|alt_jtag_atlantic*|td_shift[*]}]
        Info (332166): set_false_path -from [get_registers {*|alt_jtag_atlantic:*|rdata[*]}] -to [get_registers {*|alt_jtag_atlantic*|td_shift[*]}]
        Info (332166): set_false_path -from [get_registers {*|alt_jtag_atlantic:*|rdata[*]}] -to [get_registers {*|alt_jtag_atlantic*|td_shift[*]}]
        Info (332166): set_false_path -from [get_registers {*|alt_jtag_atlantic:*|rdata[*]}] -to [get_registers {*|alt_jtag_atlantic*|td_shift[*]}]
        Info (332166): set_false_path -from [get_registers {*|alt_jtag_atlantic:*|rdata[*]}] -to [get_registers {*|alt_jtag_atlantic*|td_shift[*]}]
        Info (332166): set_false_path -from [get_registers {*|alt_jtag_atlantic:*|rdata[*]}] -to [get_registers {*|alt_jtag_atlantic*|td_shift[*]}]
        Info (332166): set_false_path -from [get_registers {*|alt_jtag_atlantic:*|rdata[*]}] -to [get_registers {*|alt_jtag_atlantic*|td_shift[*]}]
        Info (332166): set_false_path -from [get_registers {*|alt_jtag_atlantic:*|rdata[*]}] -to [get_registers {*|alt_jtag_atlantic*|td_shift[*]}]
        Info (332166): set_false_path -from [get_registers {*|alt_jtag_atlantic:*|read}] -to [get_registers {*|alt_jtag_atlantic:*|read1*}] 
        Info (332166): set_false_path -from [get_registers {*|alt_jtag_atlantic:*|read_req}]
        Info (332166): set_false_path -from [get_registers {*|alt_jtag_atlantic:*|rvalid}] -to [get_registers {*|alt_jtag_atlantic*|td_shift[*]}]
        Info (332166): set_false_path -from [get_registers {*|t_dav}] -to [get_registers {*|alt_jtag_atlantic:*|tck_t_dav}]
        Info (332166): set_false_path -from [get_registers {*|alt_jtag_atlantic:*|user_saw_rvalid}] -to [get_registers {*|alt_jtag_atlantic:*|rvalid0*}]
        Info (332166): set_false_path -from [get_registers {*|alt_jtag_atlantic:*|wdata[*]}] -to [get_registers {*}]
        Info (332166): set_false_path -from [get_registers {*|alt_jtag_atlantic:*|wdata[*]}] -to [get_registers {*}]
        Info (332166): set_false_path -from [get_registers {*|alt_jtag_atlantic:*|wdata[*]}] -to [get_registers {*}]
        Info (332166): set_false_path -from [get_registers {*|alt_jtag_atlantic:*|wdata[*]}] -to [get_registers {*}]
        Info (332166): set_false_path -from [get_registers {*|alt_jtag_atlantic:*|wdata[*]}] -to [get_registers {*}]
        Info (332166): set_false_path -from [get_registers {*|alt_jtag_atlantic:*|wdata[*]}] -to [get_registers {*}]
        Info (332166): set_false_path -from [get_registers {*|alt_jtag_atlantic:*|wdata[*]}] -to [get_registers {*}]
        Info (332166): set_false_path -from [get_registers {*|alt_jtag_atlantic:*|wdata[*]}] -to [get_registers {*}]
        Info (332166): set_false_path -from [get_registers {*|alt_jtag_atlantic:*|write}] -to [get_registers {*|alt_jtag_atlantic:*|write1*}] 
        Info (332166): set_false_path -from [get_registers {*|alt_jtag_atlantic:*|write_stalled}] -to [get_registers {*|alt_jtag_atlantic:*|t_ena*}]
        Info (332166): set_false_path -from [get_registers {*|alt_jtag_atlantic:*|write_stalled}] -to [get_registers {*|alt_jtag_atlantic:*|t_pause*}]
        Info (332166): set_false_path -from [get_registers {*|alt_jtag_atlantic:*|write_valid}]
    Info (332165): Entity altera_std_synchronizer
        Info (332166): set_false_path -to [get_keepers {*altera_std_synchronizer:*|din_s1}]
    Info (332165): Entity sld_hub
        Info (332166): create_clock -name altera_reserved_tck [get_ports {altera_reserved_tck}] -period 30MHz   
        Info (332166): if { [string equal quartus_fit $::TimeQuestInfo(nameofexecutable)] } { set_max_delay -to [get_ports { altera_reserved_tdo } ] 0 }
        Info (332166): set_clock_groups -asynchronous -group {altera_reserved_tck}
Info (332104): Reading SDC File: 'reloj/synthesis/submodules/altera_reset_controller.sdc'
Info (332104): Reading SDC File: 'reloj/synthesis/submodules/reloj_nios2_qsys_0.sdc'
Warning (332174): Ignored filter at reloj_nios2_qsys_0.sdc(46): *reloj_nios2_qsys_0:*|reloj_nios2_qsys_0_nios2_oci:the_reloj_nios2_qsys_0_nios2_oci|reloj_nios2_qsys_0_nios2_oci_break:the_reloj_nios2_qsys_0_nios2_oci_break|break_readreg* could not be matched with a keeper File: C:/Users/irodr/OneDrive/Documents/GitHub2/Tarea-1---Reloj-Despertador-/CPU3/reloj/synthesis/submodules/reloj_nios2_qsys_0.sdc Line: 46
Warning (332174): Ignored filter at reloj_nios2_qsys_0.sdc(46): *reloj_nios2_qsys_0:*|reloj_nios2_qsys_0_nios2_oci:the_reloj_nios2_qsys_0_nios2_oci|reloj_nios2_qsys_0_jtag_debug_module_wrapper:the_reloj_nios2_qsys_0_jtag_debug_module_wrapper|reloj_nios2_qsys_0_jtag_debug_module_tck:the_reloj_nios2_qsys_0_jtag_debug_module_tck|*sr* could not be matched with a keeper File: C:/Users/irodr/OneDrive/Documents/GitHub2/Tarea-1---Reloj-Despertador-/CPU3/reloj/synthesis/submodules/reloj_nios2_qsys_0.sdc Line: 46
Warning (332049): Ignored set_false_path at reloj_nios2_qsys_0.sdc(46): Argument <from> is an empty collection File: C:/Users/irodr/OneDrive/Documents/GitHub2/Tarea-1---Reloj-Despertador-/CPU3/reloj/synthesis/submodules/reloj_nios2_qsys_0.sdc Line: 46
    Info (332050): set_false_path -from [get_keepers *$reloj_nios2_qsys_0_oci_break_path|break_readreg*] -to [get_keepers *$reloj_nios2_qsys_0_jtag_sr*] File: C:/Users/irodr/OneDrive/Documents/GitHub2/Tarea-1---Reloj-Despertador-/CPU3/reloj/synthesis/submodules/reloj_nios2_qsys_0.sdc Line: 46
Warning (332049): Ignored set_false_path at reloj_nios2_qsys_0.sdc(46): Argument <to> is an empty collection File: C:/Users/irodr/OneDrive/Documents/GitHub2/Tarea-1---Reloj-Despertador-/CPU3/reloj/synthesis/submodules/reloj_nios2_qsys_0.sdc Line: 46
Warning (332174): Ignored filter at reloj_nios2_qsys_0.sdc(47): *reloj_nios2_qsys_0:*|reloj_nios2_qsys_0_nios2_oci:the_reloj_nios2_qsys_0_nios2_oci|reloj_nios2_qsys_0_nios2_oci_debug:the_reloj_nios2_qsys_0_nios2_oci_debug|*resetlatch could not be matched with a keeper File: C:/Users/irodr/OneDrive/Documents/GitHub2/Tarea-1---Reloj-Despertador-/CPU3/reloj/synthesis/submodules/reloj_nios2_qsys_0.sdc Line: 47
Warning (332174): Ignored filter at reloj_nios2_qsys_0.sdc(47): *reloj_nios2_qsys_0:*|reloj_nios2_qsys_0_nios2_oci:the_reloj_nios2_qsys_0_nios2_oci|reloj_nios2_qsys_0_jtag_debug_module_wrapper:the_reloj_nios2_qsys_0_jtag_debug_module_wrapper|reloj_nios2_qsys_0_jtag_debug_module_tck:the_reloj_nios2_qsys_0_jtag_debug_module_tck|*sr[33] could not be matched with a keeper File: C:/Users/irodr/OneDrive/Documents/GitHub2/Tarea-1---Reloj-Despertador-/CPU3/reloj/synthesis/submodules/reloj_nios2_qsys_0.sdc Line: 47
Warning (332049): Ignored set_false_path at reloj_nios2_qsys_0.sdc(47): Argument <from> is an empty collection File: C:/Users/irodr/OneDrive/Documents/GitHub2/Tarea-1---Reloj-Despertador-/CPU3/reloj/synthesis/submodules/reloj_nios2_qsys_0.sdc Line: 47
    Info (332050): set_false_path -from [get_keepers *$reloj_nios2_qsys_0_oci_debug_path|*resetlatch]     -to [get_keepers *$reloj_nios2_qsys_0_jtag_sr[33]] File: C:/Users/irodr/OneDrive/Documents/GitHub2/Tarea-1---Reloj-Despertador-/CPU3/reloj/synthesis/submodules/reloj_nios2_qsys_0.sdc Line: 47
Warning (332049): Ignored set_false_path at reloj_nios2_qsys_0.sdc(47): Argument <to> is an empty collection File: C:/Users/irodr/OneDrive/Documents/GitHub2/Tarea-1---Reloj-Despertador-/CPU3/reloj/synthesis/submodules/reloj_nios2_qsys_0.sdc Line: 47
Warning (332174): Ignored filter at reloj_nios2_qsys_0.sdc(48): *reloj_nios2_qsys_0:*|reloj_nios2_qsys_0_nios2_oci:the_reloj_nios2_qsys_0_nios2_oci|reloj_nios2_qsys_0_nios2_oci_debug:the_reloj_nios2_qsys_0_nios2_oci_debug|monitor_ready could not be matched with a keeper File: C:/Users/irodr/OneDrive/Documents/GitHub2/Tarea-1---Reloj-Despertador-/CPU3/reloj/synthesis/submodules/reloj_nios2_qsys_0.sdc Line: 48
Warning (332174): Ignored filter at reloj_nios2_qsys_0.sdc(48): *reloj_nios2_qsys_0:*|reloj_nios2_qsys_0_nios2_oci:the_reloj_nios2_qsys_0_nios2_oci|reloj_nios2_qsys_0_jtag_debug_module_wrapper:the_reloj_nios2_qsys_0_jtag_debug_module_wrapper|reloj_nios2_qsys_0_jtag_debug_module_tck:the_reloj_nios2_qsys_0_jtag_debug_module_tck|*sr[0] could not be matched with a keeper File: C:/Users/irodr/OneDrive/Documents/GitHub2/Tarea-1---Reloj-Despertador-/CPU3/reloj/synthesis/submodules/reloj_nios2_qsys_0.sdc Line: 48
Warning (332049): Ignored set_false_path at reloj_nios2_qsys_0.sdc(48): Argument <from> is an empty collection File: C:/Users/irodr/OneDrive/Documents/GitHub2/Tarea-1---Reloj-Despertador-/CPU3/reloj/synthesis/submodules/reloj_nios2_qsys_0.sdc Line: 48
    Info (332050): set_false_path -from [get_keepers *$reloj_nios2_qsys_0_oci_debug_path|monitor_ready]  -to [get_keepers *$reloj_nios2_qsys_0_jtag_sr[0]] File: C:/Users/irodr/OneDrive/Documents/GitHub2/Tarea-1---Reloj-Despertador-/CPU3/reloj/synthesis/submodules/reloj_nios2_qsys_0.sdc Line: 48
Warning (332049): Ignored set_false_path at reloj_nios2_qsys_0.sdc(48): Argument <to> is an empty collection File: C:/Users/irodr/OneDrive/Documents/GitHub2/Tarea-1---Reloj-Despertador-/CPU3/reloj/synthesis/submodules/reloj_nios2_qsys_0.sdc Line: 48
Warning (332174): Ignored filter at reloj_nios2_qsys_0.sdc(49): *reloj_nios2_qsys_0:*|reloj_nios2_qsys_0_nios2_oci:the_reloj_nios2_qsys_0_nios2_oci|reloj_nios2_qsys_0_nios2_oci_debug:the_reloj_nios2_qsys_0_nios2_oci_debug|monitor_error could not be matched with a keeper File: C:/Users/irodr/OneDrive/Documents/GitHub2/Tarea-1---Reloj-Despertador-/CPU3/reloj/synthesis/submodules/reloj_nios2_qsys_0.sdc Line: 49
Warning (332174): Ignored filter at reloj_nios2_qsys_0.sdc(49): *reloj_nios2_qsys_0:*|reloj_nios2_qsys_0_nios2_oci:the_reloj_nios2_qsys_0_nios2_oci|reloj_nios2_qsys_0_jtag_debug_module_wrapper:the_reloj_nios2_qsys_0_jtag_debug_module_wrapper|reloj_nios2_qsys_0_jtag_debug_module_tck:the_reloj_nios2_qsys_0_jtag_debug_module_tck|*sr[34] could not be matched with a keeper File: C:/Users/irodr/OneDrive/Documents/GitHub2/Tarea-1---Reloj-Despertador-/CPU3/reloj/synthesis/submodules/reloj_nios2_qsys_0.sdc Line: 49
Warning (332049): Ignored set_false_path at reloj_nios2_qsys_0.sdc(49): Argument <from> is an empty collection File: C:/Users/irodr/OneDrive/Documents/GitHub2/Tarea-1---Reloj-Despertador-/CPU3/reloj/synthesis/submodules/reloj_nios2_qsys_0.sdc Line: 49
    Info (332050): set_false_path -from [get_keepers *$reloj_nios2_qsys_0_oci_debug_path|monitor_error]  -to [get_keepers *$reloj_nios2_qsys_0_jtag_sr[34]] File: C:/Users/irodr/OneDrive/Documents/GitHub2/Tarea-1---Reloj-Despertador-/CPU3/reloj/synthesis/submodules/reloj_nios2_qsys_0.sdc Line: 49
Warning (332049): Ignored set_false_path at reloj_nios2_qsys_0.sdc(49): Argument <to> is an empty collection File: C:/Users/irodr/OneDrive/Documents/GitHub2/Tarea-1---Reloj-Despertador-/CPU3/reloj/synthesis/submodules/reloj_nios2_qsys_0.sdc Line: 49
Warning (332174): Ignored filter at reloj_nios2_qsys_0.sdc(50): *reloj_nios2_qsys_0:*|reloj_nios2_qsys_0_nios2_oci:the_reloj_nios2_qsys_0_nios2_oci|reloj_nios2_qsys_0_nios2_ocimem:the_reloj_nios2_qsys_0_nios2_ocimem|*MonDReg* could not be matched with a keeper File: C:/Users/irodr/OneDrive/Documents/GitHub2/Tarea-1---Reloj-Despertador-/CPU3/reloj/synthesis/submodules/reloj_nios2_qsys_0.sdc Line: 50
Warning (332049): Ignored set_false_path at reloj_nios2_qsys_0.sdc(50): Argument <from> is an empty collection File: C:/Users/irodr/OneDrive/Documents/GitHub2/Tarea-1---Reloj-Despertador-/CPU3/reloj/synthesis/submodules/reloj_nios2_qsys_0.sdc Line: 50
    Info (332050): set_false_path -from [get_keepers *$reloj_nios2_qsys_0_ocimem_path|*MonDReg*] -to [get_keepers *$reloj_nios2_qsys_0_jtag_sr*] File: C:/Users/irodr/OneDrive/Documents/GitHub2/Tarea-1---Reloj-Despertador-/CPU3/reloj/synthesis/submodules/reloj_nios2_qsys_0.sdc Line: 50
Warning (332049): Ignored set_false_path at reloj_nios2_qsys_0.sdc(50): Argument <to> is an empty collection File: C:/Users/irodr/OneDrive/Documents/GitHub2/Tarea-1---Reloj-Despertador-/CPU3/reloj/synthesis/submodules/reloj_nios2_qsys_0.sdc Line: 50
Warning (332174): Ignored filter at reloj_nios2_qsys_0.sdc(51): *reloj_nios2_qsys_0:*|reloj_nios2_qsys_0_nios2_oci:the_reloj_nios2_qsys_0_nios2_oci|reloj_nios2_qsys_0_jtag_debug_module_wrapper:the_reloj_nios2_qsys_0_jtag_debug_module_wrapper|reloj_nios2_qsys_0_jtag_debug_module_tck:the_reloj_nios2_qsys_0_jtag_debug_module_tck|*sr* could not be matched with a clock or keeper or register or port or pin or cell or partition File: C:/Users/irodr/OneDrive/Documents/GitHub2/Tarea-1---Reloj-Despertador-/CPU3/reloj/synthesis/submodules/reloj_nios2_qsys_0.sdc Line: 51
Warning (332174): Ignored filter at reloj_nios2_qsys_0.sdc(51): *reloj_nios2_qsys_0:*|reloj_nios2_qsys_0_nios2_oci:the_reloj_nios2_qsys_0_nios2_oci|reloj_nios2_qsys_0_jtag_debug_module_wrapper:the_reloj_nios2_qsys_0_jtag_debug_module_wrapper|reloj_nios2_qsys_0_jtag_debug_module_sysclk:the_reloj_nios2_qsys_0_jtag_debug_module_sysclk|*jdo* could not be matched with a clock or keeper or register or port or pin or cell or partition File: C:/Users/irodr/OneDrive/Documents/GitHub2/Tarea-1---Reloj-Despertador-/CPU3/reloj/synthesis/submodules/reloj_nios2_qsys_0.sdc Line: 51
Warning (332049): Ignored set_false_path at reloj_nios2_qsys_0.sdc(51): Argument <from> is not an object ID File: C:/Users/irodr/OneDrive/Documents/GitHub2/Tarea-1---Reloj-Despertador-/CPU3/reloj/synthesis/submodules/reloj_nios2_qsys_0.sdc Line: 51
    Info (332050): set_false_path -from *$reloj_nios2_qsys_0_jtag_sr*    -to *$reloj_nios2_qsys_0_jtag_sysclk_path|*jdo* File: C:/Users/irodr/OneDrive/Documents/GitHub2/Tarea-1---Reloj-Despertador-/CPU3/reloj/synthesis/submodules/reloj_nios2_qsys_0.sdc Line: 51
Warning (332049): Ignored set_false_path at reloj_nios2_qsys_0.sdc(51): Argument <to> is not an object ID File: C:/Users/irodr/OneDrive/Documents/GitHub2/Tarea-1---Reloj-Despertador-/CPU3/reloj/synthesis/submodules/reloj_nios2_qsys_0.sdc Line: 51
Warning (332174): Ignored filter at reloj_nios2_qsys_0.sdc(52): *reloj_nios2_qsys_0:*|reloj_nios2_qsys_0_nios2_oci:the_reloj_nios2_qsys_0_nios2_oci|reloj_nios2_qsys_0_jtag_debug_module_wrapper:the_reloj_nios2_qsys_0_jtag_debug_module_wrapper|reloj_nios2_qsys_0_jtag_debug_module_sysclk:the_reloj_nios2_qsys_0_jtag_debug_module_sysclk|ir* could not be matched with a clock or keeper or register or port or pin or cell or partition File: C:/Users/irodr/OneDrive/Documents/GitHub2/Tarea-1---Reloj-Despertador-/CPU3/reloj/synthesis/submodules/reloj_nios2_qsys_0.sdc Line: 52
Warning (332049): Ignored set_false_path at reloj_nios2_qsys_0.sdc(52): Argument <to> is not an object ID File: C:/Users/irodr/OneDrive/Documents/GitHub2/Tarea-1---Reloj-Despertador-/CPU3/reloj/synthesis/submodules/reloj_nios2_qsys_0.sdc Line: 52
    Info (332050): set_false_path -from sld_hub:*|irf_reg* -to *$reloj_nios2_qsys_0_jtag_sysclk_path|ir* File: C:/Users/irodr/OneDrive/Documents/GitHub2/Tarea-1---Reloj-Despertador-/CPU3/reloj/synthesis/submodules/reloj_nios2_qsys_0.sdc Line: 52
Warning (332174): Ignored filter at reloj_nios2_qsys_0.sdc(53): *reloj_nios2_qsys_0:*|reloj_nios2_qsys_0_nios2_oci:the_reloj_nios2_qsys_0_nios2_oci|reloj_nios2_qsys_0_nios2_oci_debug:the_reloj_nios2_qsys_0_nios2_oci_debug|monitor_go could not be matched with a clock or keeper or register or port or pin or cell or partition File: C:/Users/irodr/OneDrive/Documents/GitHub2/Tarea-1---Reloj-Despertador-/CPU3/reloj/synthesis/submodules/reloj_nios2_qsys_0.sdc Line: 53
Warning (332049): Ignored set_false_path at reloj_nios2_qsys_0.sdc(53): Argument <to> is not an object ID File: C:/Users/irodr/OneDrive/Documents/GitHub2/Tarea-1---Reloj-Despertador-/CPU3/reloj/synthesis/submodules/reloj_nios2_qsys_0.sdc Line: 53
    Info (332050): set_false_path -from sld_hub:*|sld_shadow_jsm:shadow_jsm|state[1] -to *$reloj_nios2_qsys_0_oci_debug_path|monitor_go File: C:/Users/irodr/OneDrive/Documents/GitHub2/Tarea-1---Reloj-Despertador-/CPU3/reloj/synthesis/submodules/reloj_nios2_qsys_0.sdc Line: 53
Info (332104): Reading SDC File: 'NIOS/synthesis/submodules/altera_reset_controller.sdc'
Info (332104): Reading SDC File: 'NIOS/synthesis/submodules/CPU1_cpu_cpu.sdc'
Info (332104): Reading SDC File: 'c:/users/irodr/onedrive/documents/github2/tarea-1---reloj-despertador-/cpu3/db/ip/reloj/submodules/altera_reset_controller.sdc'
Info (332104): Reading SDC File: 'c:/users/irodr/onedrive/documents/github2/tarea-1---reloj-despertador-/cpu3/db/ip/reloj/submodules/reloj_nios2_qsys_0.sdc'
Warning (332049): Ignored set_false_path at reloj_nios2_qsys_0.sdc(46): Argument <from> is an empty collection File: C:/Users/irodr/OneDrive/Documents/GitHub2/Tarea-1---Reloj-Despertador-/CPU3/db/ip/reloj/submodules/reloj_nios2_qsys_0.sdc Line: 46
    Info (332050): set_false_path -from [get_keepers *$reloj_nios2_qsys_0_oci_break_path|break_readreg*] -to [get_keepers *$reloj_nios2_qsys_0_jtag_sr*] File: C:/Users/irodr/OneDrive/Documents/GitHub2/Tarea-1---Reloj-Despertador-/CPU3/db/ip/reloj/submodules/reloj_nios2_qsys_0.sdc Line: 46
Warning (332049): Ignored set_false_path at reloj_nios2_qsys_0.sdc(46): Argument <to> is an empty collection File: C:/Users/irodr/OneDrive/Documents/GitHub2/Tarea-1---Reloj-Despertador-/CPU3/db/ip/reloj/submodules/reloj_nios2_qsys_0.sdc Line: 46
Warning (332049): Ignored set_false_path at reloj_nios2_qsys_0.sdc(47): Argument <from> is an empty collection File: C:/Users/irodr/OneDrive/Documents/GitHub2/Tarea-1---Reloj-Despertador-/CPU3/db/ip/reloj/submodules/reloj_nios2_qsys_0.sdc Line: 47
    Info (332050): set_false_path -from [get_keepers *$reloj_nios2_qsys_0_oci_debug_path|*resetlatch]     -to [get_keepers *$reloj_nios2_qsys_0_jtag_sr[33]] File: C:/Users/irodr/OneDrive/Documents/GitHub2/Tarea-1---Reloj-Despertador-/CPU3/db/ip/reloj/submodules/reloj_nios2_qsys_0.sdc Line: 47
Warning (332049): Ignored set_false_path at reloj_nios2_qsys_0.sdc(47): Argument <to> is an empty collection File: C:/Users/irodr/OneDrive/Documents/GitHub2/Tarea-1---Reloj-Despertador-/CPU3/db/ip/reloj/submodules/reloj_nios2_qsys_0.sdc Line: 47
Warning (332049): Ignored set_false_path at reloj_nios2_qsys_0.sdc(48): Argument <from> is an empty collection File: C:/Users/irodr/OneDrive/Documents/GitHub2/Tarea-1---Reloj-Despertador-/CPU3/db/ip/reloj/submodules/reloj_nios2_qsys_0.sdc Line: 48
    Info (332050): set_false_path -from [get_keepers *$reloj_nios2_qsys_0_oci_debug_path|monitor_ready]  -to [get_keepers *$reloj_nios2_qsys_0_jtag_sr[0]] File: C:/Users/irodr/OneDrive/Documents/GitHub2/Tarea-1---Reloj-Despertador-/CPU3/db/ip/reloj/submodules/reloj_nios2_qsys_0.sdc Line: 48
Warning (332049): Ignored set_false_path at reloj_nios2_qsys_0.sdc(48): Argument <to> is an empty collection File: C:/Users/irodr/OneDrive/Documents/GitHub2/Tarea-1---Reloj-Despertador-/CPU3/db/ip/reloj/submodules/reloj_nios2_qsys_0.sdc Line: 48
Warning (332049): Ignored set_false_path at reloj_nios2_qsys_0.sdc(49): Argument <from> is an empty collection File: C:/Users/irodr/OneDrive/Documents/GitHub2/Tarea-1---Reloj-Despertador-/CPU3/db/ip/reloj/submodules/reloj_nios2_qsys_0.sdc Line: 49
    Info (332050): set_false_path -from [get_keepers *$reloj_nios2_qsys_0_oci_debug_path|monitor_error]  -to [get_keepers *$reloj_nios2_qsys_0_jtag_sr[34]] File: C:/Users/irodr/OneDrive/Documents/GitHub2/Tarea-1---Reloj-Despertador-/CPU3/db/ip/reloj/submodules/reloj_nios2_qsys_0.sdc Line: 49
Warning (332049): Ignored set_false_path at reloj_nios2_qsys_0.sdc(49): Argument <to> is an empty collection File: C:/Users/irodr/OneDrive/Documents/GitHub2/Tarea-1---Reloj-Despertador-/CPU3/db/ip/reloj/submodules/reloj_nios2_qsys_0.sdc Line: 49
Warning (332049): Ignored set_false_path at reloj_nios2_qsys_0.sdc(50): Argument <from> is an empty collection File: C:/Users/irodr/OneDrive/Documents/GitHub2/Tarea-1---Reloj-Despertador-/CPU3/db/ip/reloj/submodules/reloj_nios2_qsys_0.sdc Line: 50
    Info (332050): set_false_path -from [get_keepers *$reloj_nios2_qsys_0_ocimem_path|*MonDReg*] -to [get_keepers *$reloj_nios2_qsys_0_jtag_sr*] File: C:/Users/irodr/OneDrive/Documents/GitHub2/Tarea-1---Reloj-Despertador-/CPU3/db/ip/reloj/submodules/reloj_nios2_qsys_0.sdc Line: 50
Warning (332049): Ignored set_false_path at reloj_nios2_qsys_0.sdc(50): Argument <to> is an empty collection File: C:/Users/irodr/OneDrive/Documents/GitHub2/Tarea-1---Reloj-Despertador-/CPU3/db/ip/reloj/submodules/reloj_nios2_qsys_0.sdc Line: 50
Warning (332049): Ignored set_false_path at reloj_nios2_qsys_0.sdc(51): Argument <from> is not an object ID File: C:/Users/irodr/OneDrive/Documents/GitHub2/Tarea-1---Reloj-Despertador-/CPU3/db/ip/reloj/submodules/reloj_nios2_qsys_0.sdc Line: 51
    Info (332050): set_false_path -from *$reloj_nios2_qsys_0_jtag_sr*    -to *$reloj_nios2_qsys_0_jtag_sysclk_path|*jdo* File: C:/Users/irodr/OneDrive/Documents/GitHub2/Tarea-1---Reloj-Despertador-/CPU3/db/ip/reloj/submodules/reloj_nios2_qsys_0.sdc Line: 51
Warning (332049): Ignored set_false_path at reloj_nios2_qsys_0.sdc(51): Argument <to> is not an object ID File: C:/Users/irodr/OneDrive/Documents/GitHub2/Tarea-1---Reloj-Despertador-/CPU3/db/ip/reloj/submodules/reloj_nios2_qsys_0.sdc Line: 51
Warning (332049): Ignored set_false_path at reloj_nios2_qsys_0.sdc(52): Argument <to> is not an object ID File: C:/Users/irodr/OneDrive/Documents/GitHub2/Tarea-1---Reloj-Despertador-/CPU3/db/ip/reloj/submodules/reloj_nios2_qsys_0.sdc Line: 52
    Info (332050): set_false_path -from sld_hub:*|irf_reg* -to *$reloj_nios2_qsys_0_jtag_sysclk_path|ir* File: C:/Users/irodr/OneDrive/Documents/GitHub2/Tarea-1---Reloj-Despertador-/CPU3/db/ip/reloj/submodules/reloj_nios2_qsys_0.sdc Line: 52
Warning (332049): Ignored set_false_path at reloj_nios2_qsys_0.sdc(53): Argument <to> is not an object ID File: C:/Users/irodr/OneDrive/Documents/GitHub2/Tarea-1---Reloj-Despertador-/CPU3/db/ip/reloj/submodules/reloj_nios2_qsys_0.sdc Line: 53
    Info (332050): set_false_path -from sld_hub:*|sld_shadow_jsm:shadow_jsm|state[1] -to *$reloj_nios2_qsys_0_oci_debug_path|monitor_go File: C:/Users/irodr/OneDrive/Documents/GitHub2/Tarea-1---Reloj-Despertador-/CPU3/db/ip/reloj/submodules/reloj_nios2_qsys_0.sdc Line: 53
Warning (332060): Node: clk was determined to be a clock but was found without an associated clock assignment.
    Info (13166): Register CPU1:u0|CPU1_cpu:cpu|CPU1_cpu_cpu:cpu|W_alu_result[4] is being clocked by clk
Info (332143): No user constrained clock uncertainty found in the design. Calling "derive_clock_uncertainty"
Info (332123): Deriving Clock Uncertainty. Please refer to report_sdc in the Timing Analyzer to see clock uncertainties.
Info: Found TIMING_ANALYZER_REPORT_SCRIPT_INCLUDE_DEFAULT_ANALYSIS = ON
Info: Analyzing Slow 1100mV 85C Model
Info (332146): Worst-case setup slack is 12.161
    Info (332119):     Slack       End Point TNS Clock 
    Info (332119): ========= =================== =====================
    Info (332119):    12.161               0.000 altera_reserved_tck 
Info (332146): Worst-case hold slack is 0.117
    Info (332119):     Slack       End Point TNS Clock 
    Info (332119): ========= =================== =====================
    Info (332119):     0.117               0.000 altera_reserved_tck 
Info (332146): Worst-case recovery slack is 14.752
    Info (332119):     Slack       End Point TNS Clock 
    Info (332119): ========= =================== =====================
    Info (332119):    14.752               0.000 altera_reserved_tck 
Info (332146): Worst-case removal slack is 0.831
    Info (332119):     Slack       End Point TNS Clock 
    Info (332119): ========= =================== =====================
    Info (332119):     0.831               0.000 altera_reserved_tck 
Info (332146): Worst-case minimum pulse width slack is 15.758
    Info (332119):     Slack       End Point TNS Clock 
    Info (332119): ========= =================== =====================
    Info (332119):    15.758               0.000 altera_reserved_tck 
Info (332114): Report Metastability: Found 2 synchronizer chains.
    Info (332114): Worst-Case MTBF of Design is 1e+09 years or 3.15e+16 seconds.
    Info (332114): Typical MTBF of Design is 1e+09 years or 3.15e+16 seconds.

    Info (332114): Number of Synchronizer Chains Found: 2
    Info (332114): Shortest Synchronizer Chain: 2 Registers
    Info (332114): Fraction of Chains for which MTBFs Could Not be Calculated: 0.000
    Info (332114): Worst Case Available Settling Time: 62.270 ns
    Info (332114): 
    Info (332114): Worst-Case MTBF values are calculated based on the worst-case silicon characteristics, with worst-case operating conditions.
    Info (332114):   - Under worst-case conditions, an increase of 100ps in available settling time will increase MTBF values by a factor of 79.4
    Info (332114): Typical MTBF values are calculated based on the nominal silicon characteristics, at nominal operating conditions.
    Info (332114):   - Under typical conditions, an increase of 100ps in available settling time will increase MTBF values by a factor of 17.8
Info: Analyzing Slow 1100mV 0C Model
Info (334003): Started post-fitting delay annotation
Info (334004): Delay annotation completed successfully
Warning (332060): Node: clk was determined to be a clock but was found without an associated clock assignment.
    Info (13166): Register CPU1:u0|CPU1_cpu:cpu|CPU1_cpu_cpu:cpu|W_alu_result[4] is being clocked by clk
Info (332123): Deriving Clock Uncertainty. Please refer to report_sdc in the Timing Analyzer to see clock uncertainties.
Info (332146): Worst-case setup slack is 12.272
    Info (332119):     Slack       End Point TNS Clock 
    Info (332119): ========= =================== =====================
    Info (332119):    12.272               0.000 altera_reserved_tck 
Info (332146): Worst-case hold slack is 0.107
    Info (332119):     Slack       End Point TNS Clock 
    Info (332119): ========= =================== =====================
    Info (332119):     0.107               0.000 altera_reserved_tck 
Info (332146): Worst-case recovery slack is 14.819
    Info (332119):     Slack       End Point TNS Clock 
    Info (332119): ========= =================== =====================
    Info (332119):    14.819               0.000 altera_reserved_tck 
Info (332146): Worst-case removal slack is 0.760
    Info (332119):     Slack       End Point TNS Clock 
    Info (332119): ========= =================== =====================
    Info (332119):     0.760               0.000 altera_reserved_tck 
Info (332146): Worst-case minimum pulse width slack is 15.775
    Info (332119):     Slack       End Point TNS Clock 
    Info (332119): ========= =================== =====================
    Info (332119):    15.775               0.000 altera_reserved_tck 
Info (332114): Report Metastability: Found 2 synchronizer chains.
    Info (332114): Worst-Case MTBF of Design is 1e+09 years or 3.15e+16 seconds.
    Info (332114): Typical MTBF of Design is 1e+09 years or 3.15e+16 seconds.

    Info (332114): Number of Synchronizer Chains Found: 2
    Info (332114): Shortest Synchronizer Chain: 2 Registers
    Info (332114): Fraction of Chains for which MTBFs Could Not be Calculated: 0.000
    Info (332114): Worst Case Available Settling Time: 62.346 ns
    Info (332114): 
    Info (332114): Worst-Case MTBF values are calculated based on the worst-case silicon characteristics, with worst-case operating conditions.
    Info (332114):   - Under worst-case conditions, an increase of 100ps in available settling time will increase MTBF values by a factor of 5.2
    Info (332114): Typical MTBF values are calculated based on the nominal silicon characteristics, at nominal operating conditions.
    Info (332114):   - Under typical conditions, an increase of 100ps in available settling time will increase MTBF values by a factor of 17.8
Info: Analyzing Fast 1100mV 85C Model
Info (334003): Started post-fitting delay annotation
Info (334004): Delay annotation completed successfully
Warning (332060): Node: clk was determined to be a clock but was found without an associated clock assignment.
    Info (13166): Register CPU1:u0|CPU1_cpu:cpu|CPU1_cpu_cpu:cpu|W_alu_result[4] is being clocked by clk
Info (332123): Deriving Clock Uncertainty. Please refer to report_sdc in the Timing Analyzer to see clock uncertainties.
Info (332146): Worst-case setup slack is 14.130
    Info (332119):     Slack       End Point TNS Clock 
    Info (332119): ========= =================== =====================
    Info (332119):    14.130               0.000 altera_reserved_tck 
Info (332146): Worst-case hold slack is 0.020
    Info (332119):     Slack       End Point TNS Clock 
    Info (332119): ========= =================== =====================
    Info (332119):     0.020               0.000 altera_reserved_tck 
Info (332146): Worst-case recovery slack is 15.707
    Info (332119):     Slack       End Point TNS Clock 
    Info (332119): ========= =================== =====================
    Info (332119):    15.707               0.000 altera_reserved_tck 
Info (332146): Worst-case removal slack is 0.369
    Info (332119):     Slack       End Point TNS Clock 
    Info (332119): ========= =================== =====================
    Info (332119):     0.369               0.000 altera_reserved_tck 
Info (332146): Worst-case minimum pulse width slack is 15.747
    Info (332119):     Slack       End Point TNS Clock 
    Info (332119): ========= =================== =====================
    Info (332119):    15.747               0.000 altera_reserved_tck 
Info (332114): Report Metastability: Found 2 synchronizer chains.
    Info (332114): Worst-Case MTBF of Design is 1e+09 years or 3.15e+16 seconds.
    Info (332114): Typical MTBF of Design is 1e+09 years or 3.15e+16 seconds.

    Info (332114): Number of Synchronizer Chains Found: 2
    Info (332114): Shortest Synchronizer Chain: 2 Registers
    Info (332114): Fraction of Chains for which MTBFs Could Not be Calculated: 0.000
    Info (332114): Worst Case Available Settling Time: 63.594 ns
    Info (332114): 
    Info (332114): Worst-Case MTBF values are calculated based on the worst-case silicon characteristics, with worst-case operating conditions.
    Info (332114):   - Under worst-case conditions, an increase of 100ps in available settling time will increase MTBF values by a factor of 79.4
    Info (332114): Typical MTBF values are calculated based on the nominal silicon characteristics, at nominal operating conditions.
    Info (332114):   - Under typical conditions, an increase of 100ps in available settling time will increase MTBF values by a factor of 17.8
Info: Analyzing Fast 1100mV 0C Model
Warning (332060): Node: clk was determined to be a clock but was found without an associated clock assignment.
    Info (13166): Register CPU1:u0|CPU1_cpu:cpu|CPU1_cpu_cpu:cpu|W_alu_result[4] is being clocked by clk
Info (332123): Deriving Clock Uncertainty. Please refer to report_sdc in the Timing Analyzer to see clock uncertainties.
Info (332146): Worst-case setup slack is 14.417
    Info (332119):     Slack       End Point TNS Clock 
    Info (332119): ========= =================== =====================
    Info (332119):    14.417               0.000 altera_reserved_tck 
Info (332146): Worst-case hold slack is 0.007
    Info (332119):     Slack       End Point TNS Clock 
    Info (332119): ========= =================== =====================
    Info (332119):     0.007               0.000 altera_reserved_tck 
Info (332146): Worst-case recovery slack is 15.841
    Info (332119):     Slack       End Point TNS Clock 
    Info (332119): ========= =================== =====================
    Info (332119):    15.841               0.000 altera_reserved_tck 
Info (332146): Worst-case removal slack is 0.322
    Info (332119):     Slack       End Point TNS Clock 
    Info (332119): ========= =================== =====================
    Info (332119):     0.322               0.000 altera_reserved_tck 
Info (332146): Worst-case minimum pulse width slack is 15.772
    Info (332119):     Slack       End Point TNS Clock 
    Info (332119): ========= =================== =====================
    Info (332119):    15.772               0.000 altera_reserved_tck 
Info (332114): Report Metastability: Found 2 synchronizer chains.
    Info (332114): Worst-Case MTBF of Design is 1e+09 years or 3.15e+16 seconds.
    Info (332114): Typical MTBF of Design is 1e+09 years or 3.15e+16 seconds.

    Info (332114): Number of Synchronizer Chains Found: 2
    Info (332114): Shortest Synchronizer Chain: 2 Registers
    Info (332114): Fraction of Chains for which MTBFs Could Not be Calculated: 0.000
    Info (332114): Worst Case Available Settling Time: 63.810 ns
    Info (332114): 
    Info (332114): Worst-Case MTBF values are calculated based on the worst-case silicon characteristics, with worst-case operating conditions.
    Info (332114):   - Under worst-case conditions, an increase of 100ps in available settling time will increase MTBF values by a factor of 5.2
    Info (332114): Typical MTBF values are calculated based on the nominal silicon characteristics, at nominal operating conditions.
    Info (332114):   - Under typical conditions, an increase of 100ps in available settling time will increase MTBF values by a factor of 17.8
Info (332102): Design is not fully constrained for setup requirements
Info (332102): Design is not fully constrained for hold requirements
Info: Quartus Prime Timing Analyzer was successful. 0 errors, 69 warnings
    Info: Peak virtual memory: 5333 megabytes
    Info: Processing ended: Mon Aug 19 20:54:30 2024
    Info: Elapsed time: 00:00:09
    Info: Total CPU time (on all processors): 00:00:08


